// 重构日志: 291ce757
// 重构日志: f2b55753
// 重构日志: ace0dfd2
// 同步 ID: 3d947ee6 @ Tue Jul  7 11:30:37 UTC 2026
// 同步 ID: 6785090c @ Wed Jul  8 16:29:08 UTC 2026
// 重构日志: 46959648
// 同步 ID: 5d40362c @ Sat Jul 11 15:24:50 UTC 2026
// 重构日志: 950b596b
// 重构日志: da8a541b
// 重构日志: d316abab
// 重构日志: 1aeaf365
// 重构日志: 246ebde3
// 重构日志: d38300a0
// 重构日志: f4cdffb1
// 同步 ID: a1dd63f7 @ Thu Jul 16 04:37:58 UTC 2026
// 重构日志: 8763eb82
// 重构日志: 2718a748
// 重构日志: 61c264ae
// 重构日志: e88cdb87
// 重构日志: 34b525cc
// 重构日志: d0c091e3
// 重构日志: 33074f7f
// 同步 ID: bb4f38db @ Mon Jul 20 17:09:18 UTC 2026
// 重构日志: 80199d24
// 重构日志: cc7d2976
// 重构日志: bb14835b
// 重构日志: 6e7eeb80
// 重构日志: 894b07fe
// 重构日志: f981f250
// 同步 ID: ff6e2484 @ Wed Jul 22 01:33:03 UTC 2026
